#
# There is insufficient memory for the Java Runtime Environment to continue.
# Native memory allocation (malloc) failed to allocate 1048576 bytes for AllocateHeap
# Possible reasons:
#   The system is out of physical RAM or swap space
#   In 32 bit mode, the process size limit was hit
# Possible solutions:
#   Reduce memory load on the system
#   Increase physical memory or swap space
#   Check if swap backing store is full
#   Use 64 bit Java on a 64 bit OS
#   Decrease Java heap size (-Xmx/-Xms)
#   Decrease number of Java threads
#   Decrease Java thread stack sizes (-Xss)
#   Set larger code cache with -XX:ReservedCodeCacheSize=
# This output file may be truncated or incomplete.
#
#  Out of Memory Error (memory/allocation.inline.hpp:61), pid=5784, tid=0x00000000000026d4
#
# JRE version:  (8.0_191-b12) (build )
# Java VM: Java HotSpot(TM) 64-Bit Server VM (25.191-b12 mixed mode windows-amd64 compressed oops)
# Failed to write core dump. Minidumps are not enabled by default on client versions of Windows
#

---------------  T H R E A D  ---------------

Current thread (0x000000000272e000):  JavaThread "Unknown thread" [_thread_in_vm, id=9940, stack(0x00000000025d0000,0x00000000026d0000)]

Stack: [0x00000000025d0000,0x00000000026d0000]
[error occurred during error reporting (printing stack bounds), id 0xc0000005]

Native frames: (J=compiled Java code, j=interpreted, Vv=VM code, C=native code)


---------------  P R O C E S S  ---------------

Java Threads: ( => current thread )

Other Threads:

=>0x000000000272e000 (exited) JavaThread "Unknown thread" [_thread_in_vm, id=9940, stack(0x00000000025d0000,0x00000000026d0000)]

VM state:not at safepoint (normal execution)

VM Mutex/Monitor currently owned by a thread: None

Heap:
 PSYoungGen      total 18432K, used 317K [0x00000000eb580000, 0x00000000eca00000, 0x0000000100000000)
  eden space 15872K, 2% used [0x00000000eb580000,0x00000000eb5cf5d0,0x00000000ec500000)
  from space 2560K, 0% used [0x00000000ec780000,0x00000000ec780000,0x00000000eca00000)
  to   space 2560K, 0% used [0x00000000ec500000,0x00000000ec500000,0x00000000ec780000)
 ParOldGen       total 42496K, used 0K [0x00000000c2000000, 0x00000000c4980000, 0x00000000eb580000)
  object space 42496K, 0% used [0x00000000c2000000,0x00000000c2000000,0x00000000c4980000)
 Metaspace       used 751K, capacity 4480K, committed 4480K, reserved 1056768K
  class space    used 76K, capacity 384K, committed 384K, reserved 1048576K

Card table byte_map: [0x0000000011bf0000,0x0000000011df0000] byte_map_base: 0x00000000115e0000

Marking Bits: (ParMarkBitMap*) 0x000000005c2d3e30
 Begin Bits: [0x0000000012140000, 0x00000000130c0000)
 End Bits:   [0x00000000130c0000, 0x0000000014040000)

Polling page: 0x0000000000a00000

CodeCache: size=245760Kb used=327Kb max_used=327Kb free=245432Kb
 bounds [0x0000000002830000, 0x0000000002aa0000, 0x0000000011830000]
 total_blobs=57 nmethods=0 adapters=38
 compilation: enabled

Compilation events (0 events):
No events

GC Heap History (0 events):
No events

Deoptimization events (0 events):
No events

Classes redefined (0 events):
No events

Internal exceptions (0 events):
No events

Events (10 events):
Event: 0.025 loading class java/lang/Short
Event: 0.025 loading class java/lang/Short done
Event: 0.025 loading class java/lang/Integer
Event: 0.025 loading class java/lang/Integer done
Event: 0.025 loading class java/lang/Long
Event: 0.025 loading class java/lang/Long done
Event: 0.026 loading class java/lang/NullPointerException
Event: 0.026 loading class java/lang/NullPointerException done
Event: 0.026 loading class java/lang/ArithmeticException
Event: 0.026 loading class java/lang/ArithmeticException done


Dynamic libraries:
0x00007ff63b5f0000 - 0x00007ff63b627000 	C:\java\bin\javaw.exe
0x00007ff958090000 - 0x00007ff958271000 	C:\WINDOWS\SYSTEM32\ntdll.dll
0x00007ff9562b0000 - 0x00007ff956362000 	C:\WINDOWS\System32\KERNEL32.DLL
0x00007ff955200000 - 0x00007ff955473000 	C:\WINDOWS\System32\KERNELBASE.dll
0x00007ff957a20000 - 0x00007ff957ac1000 	C:\WINDOWS\System32\ADVAPI32.dll
0x00007ff9560b0000 - 0x00007ff95614e000 	C:\WINDOWS\System32\msvcrt.dll
0x00007ff955a10000 - 0x00007ff955a6b000 	C:\WINDOWS\System32\sechost.dll
0x00007ff955520000 - 0x00007ff955644000 	C:\WINDOWS\System32\RPCRT4.dll
0x00007ff955680000 - 0x00007ff955810000 	C:\WINDOWS\System32\USER32.dll
0x00007ff955500000 - 0x00007ff955520000 	C:\WINDOWS\System32\win32u.dll
0x00007ff9558b0000 - 0x00007ff9558d8000 	C:\WINDOWS\System32\GDI32.dll
0x00007ff954560000 - 0x00007ff9546f2000 	C:\WINDOWS\System32\gdi32full.dll
0x00007ff955160000 - 0x00007ff9551ff000 	C:\WINDOWS\System32\msvcp_win.dll
0x00007ff954760000 - 0x00007ff95485a000 	C:\WINDOWS\System32\ucrtbase.dll
0x00007ff9497f0000 - 0x00007ff949a59000 	C:\WINDOWS\WinSxS\amd64_microsoft.windows.common-controls_6595b64144ccf1df_6.0.17134.167_none_fb4496d930639c5a\COMCTL32.dll
0x00007ff957cc0000 - 0x00007ff957fe3000 	C:\WINDOWS\System32\combase.dll
0x00007ff955480000 - 0x00007ff9554fa000 	C:\WINDOWS\System32\bcryptPrimitives.dll
0x00007ff955650000 - 0x00007ff95567d000 	C:\WINDOWS\System32\IMM32.DLL
0x000000005b800000 - 0x000000005b8d2000 	C:\java\bin\msvcr100.dll
0x000000005bab0000 - 0x000000005c354000 	C:\java\bin\server\jvm.dll
0x00007ff9560a0000 - 0x00007ff9560a8000 	C:\WINDOWS\System32\PSAPI.DLL
0x00007ff93de10000 - 0x00007ff93de19000 	C:\WINDOWS\SYSTEM32\WSOCK32.dll
0x00007ff955a70000 - 0x00007ff955adc000 	C:\WINDOWS\System32\WS2_32.dll
0x00007ff9523d0000 - 0x00007ff9523f3000 	C:\WINDOWS\SYSTEM32\WINMM.dll
0x00007ff94a7e0000 - 0x00007ff94a7ea000 	C:\WINDOWS\SYSTEM32\VERSION.dll
0x00007ff9523a0000 - 0x00007ff9523ca000 	C:\WINDOWS\SYSTEM32\WINMMBASE.dll
0x00007ff954510000 - 0x00007ff954559000 	C:\WINDOWS\System32\cfgmgr32.dll
0x000000005b9c0000 - 0x000000005b9cf000 	C:\java\bin\verify.dll
0x000000005b990000 - 0x000000005b9b9000 	C:\java\bin\java.dll
0x000000005b970000 - 0x000000005b986000 	C:\java\bin\zip.dll

VM Arguments:
jvm_args: -Dfile.encoding=Cp1252 
java_command: gui.MyFirstGuiWindow2
java_class_path (initial): C:\Users\gregor.heyny\git\HelloWorldProject\MyGUIProject\bin;C:\eclipse\eclipse\plugins\org.eclipse.osgi_3.13.100.v20180827-1536.jar;C:\eclipse\eclipse\plugins\org.eclipse.core.commands_3.9.200.v20180827-1727.jar;C:\eclipse\eclipse\plugins\org.eclipse.equinox.common_3.10.100.v20180827-1235.jar;C:\eclipse\eclipse\plugins\org.eclipse.equinox.registry_3.8.100.v20180827-1235.jar;C:\eclipse\eclipse\plugins\org.eclipse.core.runtime_3.15.0.v20180817-1401.jar;C:\eclipse\eclipse\plugins\org.eclipse.text_3.7.0.v20180822-1511.jar;C:\eclipse\eclipse\plugins\org.eclipse.swt.win32.win32.x86_64_3.108.0.v20180904-1901.jar;C:\eclipse\eclipse\plugins\org.eclipse.jface_3.14.100.v20180828-0836.jar;C:\eclipse\eclipse\plugins\org.eclipse.jface.text_3.14.0.v20180824-1140.jar;C:\eclipse\eclipse\plugins\org.eclipse.ui.workbench_3.112.0.v20180906-1121.jar;C:\eclipse\eclipse\plugins\com.ibm.icu_62.1.0.v20180727-1652.jar;C:\eclipse\eclipse\plugins\org.eclipse.ui.forms_3.7.300.v20180828-1350.jar
Launcher Type: SUN_STANDARD

Environment Variables:
PATH=C:/java/bin/server;C:/java/bin;C:/java/lib/amd64;C:\Program Files (x86)\Common Files\Oracle\Java\javapath;C:\Program Files\Microsoft MPI\Bin\;C:\Program Files (x86)\Python36-32\Scripts\;C:\Program Files (x86)\Python36-32\;C:\WINDOWS\system32;C:\WINDOWS;C:\WINDOWS\System32\Wbem;C:\WINDOWS\System32\WindowsPowerShell\v1.0\;C:\Program Files\dotnet\;C:\Program Files\Microsoft SQL Server\130\Tools\Binn\;C:\Program Files (x86)\Windows Live\Shared;C:\Windows\CCM;C:\WINDOWS\System32\OpenSSH\;C:\WINDOWS\CCM;C:\WINDOWS\CCM;C:\Program Files (x86)\PuTTY\;C:\Users\gregor.heyny\AppData\Local\Microsoft\WindowsApps;;C:\eclipse\eclipse;
USERNAME=gregor.heyny
OS=Windows_NT
PROCESSOR_IDENTIFIER=Intel64 Family 6 Model 60 Stepping 3, GenuineIntel



---------------  S Y S T E M  ---------------

OS: Windows 10.0 , 64 bit Build 17134 (10.0.17134.1)

CPU:total 2 (initial active 2) (2 cores per cpu, 1 threads per core) family 6 model 60 stepping 3, cmov, cx8, fxsr, mmx, sse, sse2, sse3, ssse3, sse4.1, sse4.2, popcnt, clmul, erms, lzcnt, tsc, tscinvbit

Memory: 4k page, physical 4060292k(653984k free), swap 5964976k(6136k free)

vm_info: Java HotSpot(TM) 64-Bit Server VM (25.191-b12) for windows-amd64 JRE (1.8.0_191-b12), built on Oct  6 2018 09:29:03 by "java_re" with MS VC++ 10.0 (VS2010)

time: Tue May 14 17:08:10 2019
elapsed time: 0 seconds (0d 0h 0m 0s)

